<?xml version="1.0" encoding="UTF-8"?>
<!-- Generated by org.testng.reporters.JUnitReportReporter -->
<testsuite hostname="Gayu" failures="0" tests="1" name="com.opencart.testcases.TC002_LoginTest" time="2.763" errors="0" timestamp="2024-10-23T09:16:31 EDT" skipped="0">
  <testcase classname="com.opencart.testcases.TC002_LoginTest" name="verifyLogin" time="2.763"/>
</testsuite> <!-- com.opencart.testcases.TC002_LoginTest -->
