<?xml version="1.0" encoding="UTF-8"?>
<!-- Generated by org.testng.reporters.JUnitReportReporter -->
<testsuite hostname="Gayu" failures="0" tests="1" name="testCases.TC002_loginTest" time="3.105" errors="0" timestamp="2024-10-18T10:52:14 EDT" skipped="0">
  <testcase classname="testCases.TC002_loginTest" name="verifyLogin" time="3.105"/>
</testsuite> <!-- testCases.TC002_loginTest -->
