<?xml version="1.0" encoding="UTF-8"?>
<!-- Generated by org.testng.reporters.JUnitReportReporter -->
<testsuite hostname="Gayu" failures="0" tests="1" name="com.opencart.testcases.TC001_AccRegistrationTest" time="2.677" errors="0" timestamp="2024-10-23T09:16:31 EDT" skipped="0">
  <testcase classname="com.opencart.testcases.TC001_AccRegistrationTest" name="verify_accountRegistration" time="2.677"/>
</testsuite> <!-- com.opencart.testcases.TC001_AccRegistrationTest -->
