<?xml version="1.0" encoding="UTF-8"?>
<!-- Generated by org.testng.reporters.JUnitReportReporter -->
<testsuite hostname="Gayu" failures="0" tests="1" name="com.opencart.testcases.TC002_LoginTest" time="3.081" errors="0" timestamp="2024-10-23T15:05:48 EDT" skipped="0">
  <testcase classname="com.opencart.testcases.TC002_LoginTest" name="verifyLogin" time="3.081"/>
</testsuite> <!-- com.opencart.testcases.TC002_LoginTest -->
